<?xml version="1.0" encoding="UTF-8"?>
<testng-results ignored="0" total="1" passed="1" failed="0" skipped="0">
  <reporter-output>
  </reporter-output>
  <suite started-at="2022-11-21T17:29:19 EET" name="Default suite" finished-at="2022-11-21T17:29:22 EET" duration-ms="3523">
    <groups>
    </groups>
    <test started-at="2022-11-21T17:29:19 EET" name="Default test" finished-at="2022-11-21T17:29:22 EET" duration-ms="3523">
      <class name="swag_lab_practice2.Swaglab_Sorting">
        <test-method is-config="true" signature="log_in()[pri:0, instance:swag_lab_practice2.Swaglab_Sorting@3c7f66c4]" started-at="2022-11-21T17:29:19 EET" name="log_in" finished-at="2022-11-21T17:29:22 EET" duration-ms="3314" status="PASS">
          <reporter-output>
          </reporter-output>
        </test-method> <!-- log_in -->
        <test-method signature="njkf()[pri:0, instance:swag_lab_practice2.Swaglab_Sorting@3c7f66c4]" started-at="2022-11-21T17:29:22 EET" name="njkf" finished-at="2022-11-21T17:29:22 EET" duration-ms="164" status="PASS">
          <reporter-output>
          </reporter-output>
        </test-method> <!-- njkf -->
      </class> <!-- swag_lab_practice2.Swaglab_Sorting -->
    </test> <!-- Default test -->
  </suite> <!-- Default suite -->
</testng-results>
